<?xml version="1.0" encoding="UTF-8"?>
<testsuite name="Generar estado finaciero" tests="1" skipped="0" failures="0" errors="0" timestamp="2021-11-22T16:23:17" hostname="DESKTOP-58EKR7N" time="25.26">
  <properties/>
  <testcase name="Genera informe del estado financiero" classname="Generar estado finaciero" time="25.26"/>
  <system-out><![CDATA[




















]]></system-out>
  <system-err><![CDATA[[Test worker] INFO net.thucydides.core.steps.ConsoleLoggingListener - STARTING STEP Dado Damian esta en la pagina de la aerocivil
[Test worker] INFO net.thucydides.core.steps.ConsoleLoggingListener - STARTING STEP Damian abrir navegador
[Test worker] INFO net.thucydides.core.steps.ConsoleLoggingListener - STARTING STEP Damian opens the Pag inicial
nov 22, 2021 11:23:18 AM org.openqa.selenium.remote.DesiredCapabilities chrome
INFORMACIÓN: Using `new ChromeOptions()` is preferred to `DesiredCapabilities.chrome()`
Starting ChromeDriver 95.0.4638.69 (6a1600ed572fedecd573b6c2b90a22fe6392a410-refs/branch-heads/4638@{#984}) on port 41508
Only local connections are allowed.
Please see https://chromedriver.chromium.org/security-considerations for suggestions on keeping ChromeDriver safe.
ChromeDriver was started successfully.
[1637598201.728][WARNING]: This version of ChromeDriver has not been tested with Chrome version 96.
nov 22, 2021 11:23:26 AM org.openqa.selenium.remote.ProtocolHandshake createSession
INFORMACIÓN: Detected dialect: W3C
[Test worker] INFO net.thucydides.core.steps.ConsoleLoggingListener - FINISHING STEP
[Test worker] INFO net.thucydides.core.steps.ConsoleLoggingListener - FINISHING STEP
[Test worker] INFO net.thucydides.core.steps.ConsoleLoggingListener - FINISHING STEP
[Test worker] INFO net.thucydides.core.steps.ConsoleLoggingListener - STARTING STEP Cuando genera el informe del estado financiero
[Test worker] INFO net.thucydides.core.steps.ConsoleLoggingListener - STARTING STEP Damian generar estado financiero
[Test worker] INFO net.thucydides.core.steps.ConsoleLoggingListener - STARTING STEP Damian clicks on Ir a la pagina principal
[Test worker] INFO net.thucydides.core.steps.ConsoleLoggingListener - FINISHING STEP
[Test worker] INFO net.thucydides.core.steps.ConsoleLoggingListener - STARTING STEP Damian clicks on Ir a la pagina principal
[Test worker] INFO net.thucydides.core.steps.ConsoleLoggingListener - FINISHING STEP
[Test worker] INFO net.thucydides.core.steps.ConsoleLoggingListener - STARTING STEP Damian clicks on Ir a la pagina principal
[Test worker] INFO net.thucydides.core.steps.ConsoleLoggingListener - FINISHING STEP
[Test worker] INFO net.thucydides.core.steps.ConsoleLoggingListener - STARTING STEP Damian clicks on Ir a la pagina principal
[Test worker] INFO net.thucydides.core.steps.ConsoleLoggingListener - FINISHING STEP
[Test worker] INFO net.thucydides.core.steps.ConsoleLoggingListener - STARTING STEP Damian clicks on Ir a la pagina principal
[Test worker] INFO net.thucydides.core.steps.ConsoleLoggingListener - FINISHING STEP
[Test worker] INFO net.thucydides.core.steps.ConsoleLoggingListener - FINISHING STEP
[Test worker] INFO net.thucydides.core.steps.ConsoleLoggingListener - FINISHING STEP
[Test worker] INFO net.thucydides.core.steps.ConsoleLoggingListener - STARTING STEP Entonces debera validar que se genero el archivo 'https://www.aerocivil.gov.co/atencion/presupuesto/Estados%20Financieros/Estado%20de%20Situaci%C3%B3n%20Financiera%20a%2030%20de%20septiembre%20de%202021.pdf'
[Test worker] INFO net.thucydides.core.steps.ConsoleLoggingListener - STARTING STEP Then resultado should be 'https://www.aerocivil.gov.co/atencion/presupuesto/Estados%20Financieros/Estado%20de%20Situaci%C3%B3n%20Financiera%20a%2030%20de%20septiembre%20de%202021.pdf'
[Test worker] INFO net.thucydides.core.steps.ConsoleLoggingListener - FINISHING STEP
[Test worker] INFO net.thucydides.core.steps.ConsoleLoggingListener - FINISHING STEP
[Test worker] INFO net.thucydides.core.steps.ConsoleLoggingListener - ?[92m
        __    _____ _____ ____ _____   ____   _    ____  ____  _____ ____  
  _     \ \  |_   _| ____/ ___|_   _| |  _ \ / \  / ___|/ ___|| ____|  _ \ 
 (_)_____| |   | | |  _| \___ \ | |   | |_) / _ \ \___ \\___ \|  _| | | | |
  _|_____| |   | | | |___ ___) || |   |  __/ ___ \ ___) |___) | |___| |_| |
 (_)     | |   |_| |_____|____/ |_|   |_| /_/   \_\____/|____/|_____|____/ 
        /_/                                                                

TEST PASSED: Genera informe del estado financiero
----------------------------------------------------------------------------?[0m
]]></system-err>
</testsuite>
